{"C:\\Users\\Gizmolo\\Desktop\\projects\\Robot-Meal-Planning\\src\\Enums.ts": {"path":"C:\\Users\\Gizmolo\\Desktop\\projects\\Robot-Meal-Planning\\src\\Enums.ts","statementMap":{"0":{"start":{"line":1,"column":0},"end":{"line":10,"column":1}},"1":{"start":{"line":2,"column":4},"end":{"line":2,"column":9}},"2":{"start":{"line":3,"column":4},"end":{"line":3,"column":9}},"3":{"start":{"line":4,"column":4},"end":{"line":4,"column":8}},"4":{"start":{"line":5,"column":4},"end":{"line":5,"column":9}},"5":{"start":{"line":6,"column":4},"end":{"line":6,"column":10}},"6":{"start":{"line":7,"column":4},"end":{"line":7,"column":8}},"7":{"start":{"line":8,"column":4},"end":{"line":8,"column":9}},"8":{"start":{"line":9,"column":4},"end":{"line":9,"column":11}},"9":{"start":{"line":12,"column":0},"end":{"line":24,"column":1}},"10":{"start":{"line":13,"column":4},"end":{"line":13,"column":9}},"11":{"start":{"line":14,"column":4},"end":{"line":14,"column":6}},"12":{"start":{"line":15,"column":4},"end":{"line":15,"column":8}},"13":{"start":{"line":16,"column":4},"end":{"line":16,"column":8}},"14":{"start":{"line":17,"column":4},"end":{"line":17,"column":9}},"15":{"start":{"line":18,"column":4},"end":{"line":18,"column":24}},"16":{"start":{"line":19,"column":4},"end":{"line":19,"column":21}},"17":{"start":{"line":20,"column":4},"end":{"line":20,"column":23}},"18":{"start":{"line":21,"column":4},"end":{"line":21,"column":22}},"19":{"start":{"line":22,"column":4},"end":{"line":22,"column":21}},"20":{"start":{"line":23,"column":4},"end":{"line":23,"column":24}}},"fnMap":{"0":{"name":"(anonymous_0)","decl":{"start":{"line":1,"column":0},"end":{"line":1,"column":11}},"loc":{"start":{"line":1,"column":24},"end":{"line":10,"column":1}}},"1":{"name":"(anonymous_1)","decl":{"start":{"line":12,"column":0},"end":{"line":12,"column":11}},"loc":{"start":{"line":12,"column":21},"end":{"line":24,"column":1}}}},"branchMap":{"0":{"loc":{"start":{"line":1,"column":12},"end":{"line":1,"column":24}},"type":"binary-expr","locations":[{"start":{"line":1,"column":12},"end":{"line":1,"column":24}},{"start":{"line":1,"column":12},"end":{"line":1,"column":24}}]},"1":{"loc":{"start":{"line":12,"column":12},"end":{"line":12,"column":21}},"type":"binary-expr","locations":[{"start":{"line":12,"column":12},"end":{"line":12,"column":21}},{"start":{"line":12,"column":12},"end":{"line":12,"column":21}}]}},"s":{"0":1,"1":1,"2":1,"3":1,"4":1,"5":1,"6":1,"7":1,"8":1,"9":1,"10":1,"11":1,"12":1,"13":1,"14":1,"15":1,"16":1,"17":1,"18":1,"19":1,"20":1},"f":{"0":1,"1":1},"b":{"0":[1,1],"1":[1,1]}}
,"C:\\Users\\Gizmolo\\Desktop\\projects\\Robot-Meal-Planning\\src\\GameState.ts": {"path":"C:\\Users\\Gizmolo\\Desktop\\projects\\Robot-Meal-Planning\\src\\GameState.ts","statementMap":{"0":{"start":{"line":6,"column":0},"end":{"line":24,"column":0}},"1":{"start":{"line":10,"column":11},"end":{"line":10,"column":37}},"2":{"start":{"line":11,"column":11},"end":{"line":11,"column":40}},"3":{"start":{"line":12,"column":11},"end":{"line":12,"column":53}},"4":{"start":{"line":13,"column":11},"end":{"line":13,"column":30}},"5":{"start":{"line":14,"column":11},"end":{"line":14,"column":30}},"6":{"start":{"line":15,"column":11},"end":{"line":15,"column":42}},"7":{"start":{"line":16,"column":11},"end":{"line":16,"column":40}},"8":{"start":{"line":17,"column":11},"end":{"line":17,"column":39}},"9":{"start":{"line":18,"column":11},"end":{"line":18,"column":43}},"10":{"start":{"line":20,"column":8},"end":{"line":20,"column":29}},"11":{"start":{"line":21,"column":8},"end":{"line":21,"column":43}},"12":{"start":{"line":22,"column":8},"end":{"line":22,"column":51}},"13":{"start":{"line":24,"column":0},"end":{"line":24,"column":1}},"14":{"start":{"line":6,"column":13},"end":{"line":6,"column":22}}},"fnMap":{"0":{"name":"(anonymous_0)","decl":{"start":{"line":6,"column":0},"end":{"line":null,"column":-1}},"loc":{"start":{"line":6,"column":0},"end":{"line":6,"column":-1}}},"1":{"name":"GameState","decl":{"start":{"line":19,"column":4},"end":{"line":19,"column":15}},"loc":{"start":{"line":19,"column":41},"end":{"line":23,"column":5}}}},"branchMap":{},"s":{"0":1,"1":1,"2":1,"3":1,"4":1,"5":1,"6":1,"7":1,"8":1,"9":1,"10":1,"11":1,"12":1,"13":1,"14":1},"f":{"0":1,"1":1},"b":{}}
,"C:\\Users\\Gizmolo\\Desktop\\projects\\Robot-Meal-Planning\\src\\GridBlock.ts": {"path":"C:\\Users\\Gizmolo\\Desktop\\projects\\Robot-Meal-Planning\\src\\GridBlock.ts","statementMap":{"0":{"start":{"line":3,"column":0},"end":{"line":3,"column":49}},"1":{"start":{"line":5,"column":0},"end":{"line":42,"column":0}},"2":{"start":{"line":18,"column":8},"end":{"line":18,"column":30}},"3":{"start":{"line":19,"column":8},"end":{"line":19,"column":19}},"4":{"start":{"line":20,"column":8},"end":{"line":20,"column":19}},"5":{"start":{"line":21,"column":8},"end":{"line":21,"column":19}},"6":{"start":{"line":22,"column":8},"end":{"line":22,"column":19}},"7":{"start":{"line":23,"column":8},"end":{"line":23,"column":27}},"8":{"start":{"line":24,"column":8},"end":{"line":24,"column":21}},"9":{"start":{"line":25,"column":8},"end":{"line":25,"column":24}},"10":{"start":{"line":26,"column":8},"end":{"line":26,"column":40}},"11":{"start":{"line":27,"column":8},"end":{"line":33,"column":9}},"12":{"start":{"line":36,"column":11},"end":{"line":39,"column":5}},"13":{"start":{"line":37,"column":8},"end":{"line":37,"column":35}},"14":{"start":{"line":38,"column":8},"end":{"line":38,"column":53}},"15":{"start":{"line":41,"column":11},"end":{"line":41,"column":29}},"16":{"start":{"line":42,"column":0},"end":{"line":42,"column":1}},"17":{"start":{"line":5,"column":13},"end":{"line":5,"column":22}}},"fnMap":{"0":{"name":"(anonymous_0)","decl":{"start":{"line":5,"column":0},"end":{"line":null,"column":-1}},"loc":{"start":{"line":5,"column":0},"end":{"line":5,"column":-1}}},"1":{"name":"GridBlock","decl":{"start":{"line":17,"column":4},"end":{"line":17,"column":15}},"loc":{"start":{"line":17,"column":128},"end":{"line":34,"column":5}}},"2":{"name":"(anonymous_2)","decl":{"start":{"line":36,"column":4},"end":{"line":36,"column":15}},"loc":{"start":{"line":36,"column":45},"end":{"line":39,"column":5}}},"3":{"name":"(anonymous_3)","decl":{"start":{"line":41,"column":4},"end":{"line":41,"column":27}},"loc":{"start":{"line":41,"column":4},"end":{"line":41,"column":29}}}},"branchMap":{},"s":{"0":1,"1":1,"2":4,"3":4,"4":4,"5":4,"6":4,"7":4,"8":4,"9":4,"10":4,"11":4,"12":1,"13":1,"14":1,"15":1,"16":1,"17":1},"f":{"0":1,"1":4,"2":1,"3":1},"b":{}}
}
