{"C:\\Users\\Gizmolo\\Desktop\\projects\\Robot-Meal-Planning\\src\\CommandBlock.ts": {"path":"C:\\Users\\Gizmolo\\Desktop\\projects\\Robot-Meal-Planning\\src\\CommandBlock.ts","statementMap":{"0":{"start":{"line":3,"column":0},"end":{"line":3,"column":38}},"1":{"start":{"line":4,"column":0},"end":{"line":4,"column":53}},"2":{"start":{"line":6,"column":0},"end":{"line":125,"column":0}},"3":{"start":{"line":21,"column":8},"end":{"line":21,"column":19}},"4":{"start":{"line":22,"column":8},"end":{"line":22,"column":19}},"5":{"start":{"line":23,"column":8},"end":{"line":23,"column":19}},"6":{"start":{"line":24,"column":8},"end":{"line":24,"column":19}},"7":{"start":{"line":25,"column":8},"end":{"line":25,"column":27}},"8":{"start":{"line":26,"column":8},"end":{"line":26,"column":35}},"9":{"start":{"line":27,"column":8},"end":{"line":27,"column":35}},"10":{"start":{"line":28,"column":8},"end":{"line":28,"column":41}},"11":{"start":{"line":29,"column":8},"end":{"line":29,"column":37}},"12":{"start":{"line":30,"column":8},"end":{"line":30,"column":30}},"13":{"start":{"line":31,"column":8},"end":{"line":31,"column":25}},"14":{"start":{"line":32,"column":8},"end":{"line":32,"column":25}},"15":{"start":{"line":33,"column":8},"end":{"line":33,"column":33}},"16":{"start":{"line":34,"column":8},"end":{"line":47,"column":9}},"17":{"start":{"line":36,"column":16},"end":{"line":36,"column":64}},"18":{"start":{"line":37,"column":16},"end":{"line":37,"column":22}},"19":{"start":{"line":39,"column":16},"end":{"line":39,"column":63}},"20":{"start":{"line":40,"column":16},"end":{"line":40,"column":22}},"21":{"start":{"line":42,"column":16},"end":{"line":42,"column":64}},"22":{"start":{"line":43,"column":16},"end":{"line":43,"column":22}},"23":{"start":{"line":45,"column":16},"end":{"line":45,"column":65}},"24":{"start":{"line":46,"column":16},"end":{"line":46,"column":22}},"25":{"start":{"line":49,"column":8},"end":{"line":49,"column":30}},"26":{"start":{"line":55,"column":11},"end":{"line":95,"column":5}},"27":{"start":{"line":55,"column":4},"end":{"line":95,"column":4}},"28":{"start":{"line":57,"column":8},"end":{"line":88,"column":11}},"29":{"start":{"line":58,"column":12},"end":{"line":87,"column":13}},"30":{"start":{"line":59,"column":16},"end":{"line":86,"column":17}},"31":{"start":{"line":65,"column":20},"end":{"line":65,"column":37}},"32":{"start":{"line":66,"column":20},"end":{"line":66,"column":37}},"33":{"start":{"line":67,"column":20},"end":{"line":67,"column":36}},"34":{"start":{"line":69,"column":58},"end":{"line":75,"column":21}},"35":{"start":{"line":78,"column":20},"end":{"line":78,"column":66}},"36":{"start":{"line":79,"column":20},"end":{"line":79,"column":76}},"37":{"start":{"line":80,"column":20},"end":{"line":80,"column":76}},"38":{"start":{"line":81,"column":20},"end":{"line":81,"column":82}},"39":{"start":{"line":82,"column":20},"end":{"line":82,"column":78}},"40":{"start":{"line":85,"column":20},"end":{"line":85,"column":60}},"41":{"start":{"line":91,"column":8},"end":{"line":94,"column":9}},"42":{"start":{"line":92,"column":24},"end":{"line":92,"column":48}},"43":{"start":{"line":93,"column":12},"end":{"line":93,"column":40}},"44":{"start":{"line":97,"column":11},"end":{"line":104,"column":5}},"45":{"start":{"line":99,"column":8},"end":{"line":103,"column":9}},"46":{"start":{"line":100,"column":12},"end":{"line":100,"column":39}},"47":{"start":{"line":101,"column":12},"end":{"line":101,"column":39}},"48":{"start":{"line":102,"column":12},"end":{"line":102,"column":29}},"49":{"start":{"line":106,"column":11},"end":{"line":124,"column":5}},"50":{"start":{"line":107,"column":8},"end":{"line":107,"column":35}},"51":{"start":{"line":108,"column":8},"end":{"line":108,"column":53}},"52":{"start":{"line":109,"column":8},"end":{"line":109,"column":38}},"53":{"start":{"line":110,"column":8},"end":{"line":110,"column":40}},"54":{"start":{"line":111,"column":8},"end":{"line":111,"column":40}},"55":{"start":{"line":112,"column":8},"end":{"line":112,"column":32}},"56":{"start":{"line":113,"column":8},"end":{"line":113,"column":32}},"57":{"start":{"line":114,"column":22},"end":{"line":114,"column":24}},"58":{"start":{"line":116,"column":8},"end":{"line":121,"column":9}},"59":{"start":{"line":117,"column":12},"end":{"line":117,"column":25}},"60":{"start":{"line":119,"column":13},"end":{"line":121,"column":9}},"61":{"start":{"line":120,"column":12},"end":{"line":120,"column":25}},"62":{"start":{"line":123,"column":8},"end":{"line":123,"column":82}},"63":{"start":{"line":125,"column":0},"end":{"line":125,"column":1}},"64":{"start":{"line":6,"column":13},"end":{"line":6,"column":25}},"65":{"start":{"line":128,"column":0},"end":{"line":220,"column":0}},"66":{"start":{"line":142,"column":4},"end":{"line":171,"column":4}},"67":{"start":{"line":176,"column":11},"end":{"line":181,"column":5}},"68":{"start":{"line":177,"column":8},"end":{"line":177,"column":35}},"69":{"start":{"line":178,"column":8},"end":{"line":178,"column":35}},"70":{"start":{"line":179,"column":8},"end":{"line":179,"column":41}},"71":{"start":{"line":180,"column":8},"end":{"line":180,"column":37}},"72":{"start":{"line":143,"column":8},"end":{"line":143,"column":35}},"73":{"start":{"line":144,"column":8},"end":{"line":144,"column":19}},"74":{"start":{"line":145,"column":8},"end":{"line":145,"column":19}},"75":{"start":{"line":146,"column":8},"end":{"line":146,"column":19}},"76":{"start":{"line":147,"column":8},"end":{"line":147,"column":19}},"77":{"start":{"line":148,"column":8},"end":{"line":148,"column":27}},"78":{"start":{"line":149,"column":8},"end":{"line":149,"column":31}},"79":{"start":{"line":150,"column":8},"end":{"line":150,"column":25}},"80":{"start":{"line":151,"column":8},"end":{"line":151,"column":33}},"81":{"start":{"line":152,"column":8},"end":{"line":152,"column":27}},"82":{"start":{"line":153,"column":8},"end":{"line":153,"column":27}},"83":{"start":{"line":154,"column":8},"end":{"line":154,"column":30}},"84":{"start":{"line":155,"column":8},"end":{"line":155,"column":28}},"85":{"start":{"line":156,"column":8},"end":{"line":169,"column":9}},"86":{"start":{"line":158,"column":16},"end":{"line":158,"column":64}},"87":{"start":{"line":159,"column":16},"end":{"line":159,"column":22}},"88":{"start":{"line":161,"column":16},"end":{"line":161,"column":63}},"89":{"start":{"line":162,"column":16},"end":{"line":162,"column":22}},"90":{"start":{"line":164,"column":16},"end":{"line":164,"column":64}},"91":{"start":{"line":165,"column":16},"end":{"line":165,"column":22}},"92":{"start":{"line":167,"column":16},"end":{"line":167,"column":65}},"93":{"start":{"line":168,"column":16},"end":{"line":168,"column":22}},"94":{"start":{"line":170,"column":8},"end":{"line":170,"column":41}},"95":{"start":{"line":183,"column":11},"end":{"line":198,"column":5}},"96":{"start":{"line":184,"column":8},"end":{"line":197,"column":9}},"97":{"start":{"line":185,"column":12},"end":{"line":185,"column":35}},"98":{"start":{"line":186,"column":12},"end":{"line":196,"column":39}},"99":{"start":{"line":200,"column":11},"end":{"line":219,"column":5}},"100":{"start":{"line":201,"column":8},"end":{"line":201,"column":50}},"101":{"start":{"line":202,"column":8},"end":{"line":202,"column":68}},"102":{"start":{"line":203,"column":8},"end":{"line":203,"column":53}},"103":{"start":{"line":204,"column":8},"end":{"line":204,"column":55}},"104":{"start":{"line":205,"column":8},"end":{"line":205,"column":55}},"105":{"start":{"line":206,"column":8},"end":{"line":206,"column":47}},"106":{"start":{"line":207,"column":8},"end":{"line":207,"column":47}},"107":{"start":{"line":208,"column":22},"end":{"line":208,"column":24}},"108":{"start":{"line":210,"column":8},"end":{"line":216,"column":9}},"109":{"start":{"line":211,"column":12},"end":{"line":211,"column":25}},"110":{"start":{"line":214,"column":13},"end":{"line":216,"column":9}},"111":{"start":{"line":215,"column":12},"end":{"line":215,"column":25}},"112":{"start":{"line":218,"column":8},"end":{"line":218,"column":97}},"113":{"start":{"line":220,"column":0},"end":{"line":220,"column":1}},"114":{"start":{"line":128,"column":13},"end":{"line":128,"column":31}}},"fnMap":{"0":{"name":"(anonymous_0)","decl":{"start":{"line":6,"column":0},"end":{"line":null,"column":-1}},"loc":{"start":{"line":6,"column":0},"end":{"line":6,"column":-1}}},"1":{"name":"CommandBlock","decl":{"start":{"line":20,"column":4},"end":{"line":20,"column":15}},"loc":{"start":{"line":20,"column":199},"end":{"line":50,"column":5}}},"2":{"name":"(anonymous_2)","decl":{"start":{"line":55,"column":4},"end":{"line":55,"column":18}},"loc":{"start":{"line":55,"column":43},"end":{"line":95,"column":5}}},"3":{"name":"(anonymous_3)","decl":{"start":{"line":57,"column":27},"end":{"line":57,"column":26}},"loc":{"start":{"line":57,"column":32},"end":{"line":88,"column":9}}},"4":{"name":"(anonymous_4)","decl":{"start":{"line":97,"column":4},"end":{"line":97,"column":17}},"loc":{"start":{"line":97,"column":48},"end":{"line":104,"column":5}}},"5":{"name":"(anonymous_5)","decl":{"start":{"line":106,"column":4},"end":{"line":106,"column":15}},"loc":{"start":{"line":106,"column":45},"end":{"line":124,"column":5}}},"6":{"name":"(anonymous_6)","decl":{"start":{"line":128,"column":0},"end":{"line":null,"column":-1}},"loc":{"start":{"line":128,"column":0},"end":{"line":128,"column":-1}}},"7":{"name":"CommandBlockButton","decl":{"start":{"line":142,"column":4},"end":{"line":142,"column":15}},"loc":{"start":{"line":142,"column":115},"end":{"line":171,"column":5}}},"8":{"name":"(anonymous_8)","decl":{"start":{"line":176,"column":24},"end":{"line":176,"column":24}},"loc":{"start":{"line":176,"column":103},"end":{"line":181,"column":5}}},"9":{"name":"(anonymous_9)","decl":{"start":{"line":183,"column":4},"end":{"line":null,"column":-1}},"loc":{"start":{"line":183,"column":4},"end":{"line":198,"column":5}}},"10":{"name":"(anonymous_10)","decl":{"start":{"line":200,"column":4},"end":{"line":null,"column":-1}},"loc":{"start":{"line":200,"column":4},"end":{"line":219,"column":5}}}},"branchMap":{"0":{"loc":{"start":{"line":35,"column":12},"end":{"line":37,"column":22}},"type":"switch","locations":[{"start":{"line":35,"column":12},"end":{"line":37,"column":22}},{"start":{"line":38,"column":12},"end":{"line":40,"column":22}},{"start":{"line":41,"column":12},"end":{"line":43,"column":22}},{"start":{"line":44,"column":12},"end":{"line":46,"column":22}}]},"1":{"loc":{"start":{"line":58,"column":12},"end":{"line":87,"column":13}},"type":"if","locations":[{"start":{"line":58,"column":12},"end":{"line":87,"column":13}},{"start":{"line":58,"column":12},"end":{"line":87,"column":13}}]},"2":{"loc":{"start":{"line":58,"column":16},"end":{"line":58,"column":42}},"type":"binary-expr","locations":[{"start":{"line":58,"column":16},"end":{"line":58,"column":42}},{"start":{"line":58,"column":46},"end":{"line":58,"column":91}}]},"3":{"loc":{"start":{"line":59,"column":16},"end":{"line":86,"column":17}},"type":"if","locations":[{"start":{"line":59,"column":16},"end":{"line":86,"column":17}},{"start":{"line":59,"column":16},"end":{"line":86,"column":17}}]},"4":{"loc":{"start":{"line":59,"column":20},"end":{"line":59,"column":45}},"type":"binary-expr","locations":[{"start":{"line":59,"column":20},"end":{"line":59,"column":45}},{"start":{"line":60,"column":20},"end":{"line":60,"column":46}},{"start":{"line":61,"column":20},"end":{"line":61,"column":45}},{"start":{"line":62,"column":20},"end":{"line":62,"column":46}}]},"5":{"loc":{"start":{"line":91,"column":8},"end":{"line":94,"column":9}},"type":"if","locations":[{"start":{"line":91,"column":8},"end":{"line":94,"column":9}},{"start":{"line":91,"column":8},"end":{"line":94,"column":9}}]},"6":{"loc":{"start":{"line":99,"column":8},"end":{"line":103,"column":9}},"type":"if","locations":[{"start":{"line":99,"column":8},"end":{"line":103,"column":9}},{"start":{"line":99,"column":8},"end":{"line":103,"column":9}}]},"7":{"loc":{"start":{"line":116,"column":8},"end":{"line":121,"column":9}},"type":"if","locations":[{"start":{"line":116,"column":8},"end":{"line":121,"column":9}},{"start":{"line":116,"column":8},"end":{"line":121,"column":9}}]},"8":{"loc":{"start":{"line":119,"column":13},"end":{"line":121,"column":9}},"type":"if","locations":[{"start":{"line":119,"column":13},"end":{"line":121,"column":9}},{"start":{"line":119,"column":13},"end":{"line":121,"column":9}}]},"9":{"loc":{"start":{"line":157,"column":12},"end":{"line":159,"column":22}},"type":"switch","locations":[{"start":{"line":157,"column":12},"end":{"line":159,"column":22}},{"start":{"line":160,"column":12},"end":{"line":162,"column":22}},{"start":{"line":163,"column":12},"end":{"line":165,"column":22}},{"start":{"line":166,"column":12},"end":{"line":168,"column":22}}]},"10":{"loc":{"start":{"line":184,"column":8},"end":{"line":197,"column":9}},"type":"if","locations":[{"start":{"line":184,"column":8},"end":{"line":197,"column":9}},{"start":{"line":184,"column":8},"end":{"line":197,"column":9}}]},"11":{"loc":{"start":{"line":210,"column":8},"end":{"line":216,"column":9}},"type":"if","locations":[{"start":{"line":210,"column":8},"end":{"line":216,"column":9}},{"start":{"line":210,"column":8},"end":{"line":216,"column":9}}]},"12":{"loc":{"start":{"line":214,"column":13},"end":{"line":216,"column":9}},"type":"if","locations":[{"start":{"line":214,"column":13},"end":{"line":216,"column":9}},{"start":{"line":214,"column":13},"end":{"line":216,"column":9}}]}},"s":{"0":1,"1":1,"2":1,"3":1,"4":1,"5":1,"6":1,"7":1,"8":1,"9":1,"10":1,"11":1,"12":1,"13":1,"14":1,"15":1,"16":1,"17":0,"18":0,"19":0,"20":0,"21":1,"22":1,"23":0,"24":0,"25":1,"26":1,"27":0,"28":0,"29":0,"30":0,"31":0,"32":0,"33":0,"34":0,"35":0,"36":0,"37":0,"38":0,"39":0,"40":0,"41":0,"42":0,"43":0,"44":1,"45":0,"46":0,"47":0,"48":0,"49":1,"50":0,"51":0,"52":0,"53":0,"54":0,"55":0,"56":0,"57":0,"58":0,"59":0,"60":0,"61":0,"62":0,"63":1,"64":1,"65":1,"66":0,"67":0,"68":0,"69":0,"70":0,"71":0,"72":0,"73":0,"74":0,"75":0,"76":0,"77":0,"78":0,"79":0,"80":0,"81":0,"82":0,"83":0,"84":0,"85":0,"86":0,"87":0,"88":0,"89":0,"90":0,"91":0,"92":0,"93":0,"94":0,"95":1,"96":0,"97":0,"98":0,"99":1,"100":0,"101":0,"102":0,"103":0,"104":0,"105":0,"106":0,"107":0,"108":0,"109":0,"110":0,"111":0,"112":0,"113":1,"114":1},"f":{"0":1,"1":1,"2":0,"3":0,"4":0,"5":0,"6":1,"7":0,"8":0,"9":0,"10":0},"b":{"0":[0,0,1,0],"1":[0,0],"2":[0,0],"3":[0,0],"4":[0,0,0,0],"5":[0,0],"6":[0,0],"7":[0,0],"8":[0,0],"9":[0,0,0,0],"10":[0,0],"11":[0,0],"12":[0,0]}}
,"C:\\Users\\Gizmolo\\Desktop\\projects\\Robot-Meal-Planning\\src\\FlowBlock.ts": {"path":"C:\\Users\\Gizmolo\\Desktop\\projects\\Robot-Meal-Planning\\src\\FlowBlock.ts","statementMap":{"0":{"start":{"line":3,"column":0},"end":{"line":3,"column":-1}},"1":{"start":{"line":4,"column":0},"end":{"line":4,"column":-1}},"2":{"start":{"line":6,"column":0},"end":{"line":6,"column":-1}},"3":{"start":{"line":18,"column":8},"end":{"line":null,"column":-1}},"4":{"start":{"line":19,"column":8},"end":{"line":null,"column":-1}},"5":{"start":{"line":20,"column":8},"end":{"line":null,"column":-1}},"6":{"start":{"line":21,"column":8},"end":{"line":null,"column":-1}},"7":{"start":{"line":22,"column":8},"end":{"line":null,"column":-1}},"8":{"start":{"line":23,"column":8},"end":{"line":null,"column":-1}},"9":{"start":{"line":24,"column":8},"end":{"line":null,"column":-1}},"10":{"start":{"line":25,"column":8},"end":{"line":null,"column":-1}},"11":{"start":{"line":26,"column":8},"end":{"line":null,"column":-1}},"12":{"start":{"line":27,"column":8},"end":{"line":null,"column":-1}},"13":{"start":{"line":28,"column":8},"end":{"line":null,"column":-1}},"14":{"start":{"line":30,"column":16},"end":{"line":null,"column":-1}},"15":{"start":{"line":31,"column":16},"end":{"line":null,"column":-1}},"16":{"start":{"line":33,"column":16},"end":{"line":null,"column":-1}},"17":{"start":{"line":34,"column":16},"end":{"line":null,"column":-1}},"18":{"start":{"line":36,"column":16},"end":{"line":null,"column":-1}},"19":{"start":{"line":37,"column":16},"end":{"line":null,"column":-1}},"20":{"start":{"line":39,"column":16},"end":{"line":null,"column":-1}},"21":{"start":{"line":40,"column":16},"end":{"line":null,"column":-1}},"22":{"start":{"line":42,"column":8},"end":{"line":null,"column":-1}},"23":{"start":{"line":48,"column":11},"end":{"line":null,"column":-1}},"24":{"start":{"line":48,"column":4},"end":{"line":48,"column":3}},"25":{"start":{"line":50,"column":8},"end":{"line":null,"column":-1}},"26":{"start":{"line":51,"column":12},"end":{"line":64,"column":13}},"27":{"start":{"line":52,"column":16},"end":{"line":63,"column":17}},"28":{"start":{"line":58,"column":20},"end":{"line":null,"column":-1}},"29":{"start":{"line":59,"column":20},"end":{"line":null,"column":-1}},"30":{"start":{"line":60,"column":20},"end":{"line":null,"column":-1}},"31":{"start":{"line":61,"column":20},"end":{"line":null,"column":-1}},"32":{"start":{"line":68,"column":8},"end":{"line":71,"column":9}},"33":{"start":{"line":69,"column":24},"end":{"line":69,"column":12}},"34":{"start":{"line":70,"column":12},"end":{"line":null,"column":-1}},"35":{"start":{"line":74,"column":11},"end":{"line":null,"column":-1}},"36":{"start":{"line":76,"column":8},"end":{"line":80,"column":9}},"37":{"start":{"line":77,"column":12},"end":{"line":null,"column":-1}},"38":{"start":{"line":78,"column":12},"end":{"line":null,"column":-1}},"39":{"start":{"line":79,"column":12},"end":{"line":null,"column":-1}},"40":{"start":{"line":83,"column":11},"end":{"line":null,"column":-1}},"41":{"start":{"line":84,"column":8},"end":{"line":null,"column":-1}},"42":{"start":{"line":85,"column":8},"end":{"line":null,"column":-1}},"43":{"start":{"line":86,"column":8},"end":{"line":null,"column":-1}},"44":{"start":{"line":87,"column":8},"end":{"line":null,"column":-1}},"45":{"start":{"line":88,"column":8},"end":{"line":null,"column":-1}},"46":{"start":{"line":90,"column":0},"end":{"line":null,"column":-1}},"47":{"start":{"line":6,"column":13},"end":{"line":null,"column":-1}},"48":{"start":{"line":93,"column":0},"end":{"line":93,"column":-1}},"49":{"start":{"line":104,"column":8},"end":{"line":null,"column":-1}},"50":{"start":{"line":105,"column":8},"end":{"line":null,"column":-1}},"51":{"start":{"line":106,"column":8},"end":{"line":null,"column":-1}},"52":{"start":{"line":107,"column":8},"end":{"line":null,"column":-1}},"53":{"start":{"line":108,"column":8},"end":{"line":null,"column":-1}},"54":{"start":{"line":109,"column":8},"end":{"line":null,"column":-1}},"55":{"start":{"line":110,"column":8},"end":{"line":null,"column":-1}},"56":{"start":{"line":111,"column":8},"end":{"line":null,"column":-1}},"57":{"start":{"line":112,"column":8},"end":{"line":null,"column":-1}},"58":{"start":{"line":113,"column":8},"end":{"line":null,"column":-1}},"59":{"start":{"line":115,"column":16},"end":{"line":null,"column":-1}},"60":{"start":{"line":116,"column":16},"end":{"line":null,"column":-1}},"61":{"start":{"line":118,"column":16},"end":{"line":null,"column":-1}},"62":{"start":{"line":119,"column":16},"end":{"line":null,"column":-1}},"63":{"start":{"line":121,"column":16},"end":{"line":null,"column":-1}},"64":{"start":{"line":122,"column":16},"end":{"line":null,"column":-1}},"65":{"start":{"line":124,"column":16},"end":{"line":null,"column":-1}},"66":{"start":{"line":125,"column":16},"end":{"line":null,"column":-1}},"67":{"start":{"line":128,"column":8},"end":{"line":null,"column":-1}},"68":{"start":{"line":131,"column":11},"end":{"line":null,"column":-1}},"69":{"start":{"line":132,"column":8},"end":{"line":135,"column":9}},"70":{"start":{"line":133,"column":12},"end":{"line":null,"column":-1}},"71":{"start":{"line":134,"column":12},"end":{"line":null,"column":-1}},"72":{"start":{"line":138,"column":11},"end":{"line":null,"column":-1}},"73":{"start":{"line":139,"column":8},"end":{"line":null,"column":-1}},"74":{"start":{"line":140,"column":8},"end":{"line":null,"column":-1}},"75":{"start":{"line":141,"column":8},"end":{"line":null,"column":-1}},"76":{"start":{"line":142,"column":8},"end":{"line":null,"column":-1}},"77":{"start":{"line":143,"column":8},"end":{"line":null,"column":-1}},"78":{"start":{"line":145,"column":0},"end":{"line":null,"column":-1}},"79":{"start":{"line":93,"column":13},"end":{"line":null,"column":-1}}},"fnMap":{"0":{"name":"(anonymous_0)","decl":{"start":{"line":6,"column":0},"end":{"line":6,"column":-1}},"loc":{"start":{"line":6,"column":0},"end":{"line":6,"column":-1}}},"1":{"name":"FlowBlock","decl":{"start":{"line":17,"column":4},"end":{"line":17,"column":3}},"loc":{"start":{"line":17,"column":112},"end":{"line":43,"column":5}}},"2":{"name":"(anonymous_2)","decl":{"start":{"line":48,"column":4},"end":{"line":48,"column":18}},"loc":{"start":{"line":48,"column":43},"end":{"line":48,"column":11}}},"3":{"name":"(anonymous_3)","decl":{"start":{"line":50,"column":38},"end":{"line":50,"column":37}},"loc":{"start":{"line":50,"column":43},"end":{"line":50,"column":8}}},"4":{"name":"(anonymous_4)","decl":{"start":{"line":74,"column":4},"end":{"line":74,"column":3}},"loc":{"start":{"line":74,"column":4},"end":{"line":74,"column":11}}},"5":{"name":"(anonymous_5)","decl":{"start":{"line":83,"column":4},"end":{"line":83,"column":3}},"loc":{"start":{"line":83,"column":4},"end":{"line":83,"column":11}}},"6":{"name":"(anonymous_6)","decl":{"start":{"line":93,"column":0},"end":{"line":93,"column":-1}},"loc":{"start":{"line":93,"column":0},"end":{"line":93,"column":-1}}},"7":{"name":"FlowBlockButton","decl":{"start":{"line":103,"column":4},"end":{"line":103,"column":3}},"loc":{"start":{"line":103,"column":112},"end":{"line":129,"column":5}}},"8":{"name":"(anonymous_8)","decl":{"start":{"line":131,"column":4},"end":{"line":131,"column":3}},"loc":{"start":{"line":131,"column":4},"end":{"line":131,"column":11}}},"9":{"name":"(anonymous_9)","decl":{"start":{"line":138,"column":4},"end":{"line":138,"column":3}},"loc":{"start":{"line":138,"column":4},"end":{"line":138,"column":11}}}},"branchMap":{"0":{"loc":{"start":{"line":29,"column":12},"end":{"line":31,"column":16}},"type":"switch","locations":[{"start":{"line":29,"column":12},"end":{"line":31,"column":16}},{"start":{"line":32,"column":12},"end":{"line":34,"column":16}},{"start":{"line":35,"column":12},"end":{"line":37,"column":16}},{"start":{"line":38,"column":12},"end":{"line":40,"column":16}}]},"1":{"loc":{"start":{"line":51,"column":12},"end":{"line":64,"column":13}},"type":"if","locations":[{"start":{"line":51,"column":12},"end":{"line":64,"column":13}},{"start":{"line":51,"column":12},"end":{"line":64,"column":13}}]},"2":{"loc":{"start":{"line":51,"column":16},"end":{"line":51,"column":15}},"type":"binary-expr","locations":[{"start":{"line":51,"column":16},"end":{"line":51,"column":15}},{"start":{"line":51,"column":46},"end":{"line":51,"column":12}}]},"3":{"loc":{"start":{"line":52,"column":16},"end":{"line":63,"column":17}},"type":"if","locations":[{"start":{"line":52,"column":16},"end":{"line":63,"column":17}},{"start":{"line":52,"column":16},"end":{"line":63,"column":17}}]},"4":{"loc":{"start":{"line":52,"column":20},"end":{"line":52,"column":19}},"type":"binary-expr","locations":[{"start":{"line":52,"column":20},"end":{"line":52,"column":19}},{"start":{"line":53,"column":20},"end":{"line":52,"column":20}},{"start":{"line":54,"column":20},"end":{"line":52,"column":20}},{"start":{"line":55,"column":20},"end":{"line":52,"column":16}}]},"5":{"loc":{"start":{"line":68,"column":8},"end":{"line":71,"column":9}},"type":"if","locations":[{"start":{"line":68,"column":8},"end":{"line":71,"column":9}},{"start":{"line":68,"column":8},"end":{"line":71,"column":9}}]},"6":{"loc":{"start":{"line":76,"column":8},"end":{"line":80,"column":9}},"type":"if","locations":[{"start":{"line":76,"column":8},"end":{"line":80,"column":9}},{"start":{"line":76,"column":8},"end":{"line":80,"column":9}}]},"7":{"loc":{"start":{"line":114,"column":12},"end":{"line":116,"column":16}},"type":"switch","locations":[{"start":{"line":114,"column":12},"end":{"line":116,"column":16}},{"start":{"line":117,"column":12},"end":{"line":119,"column":16}},{"start":{"line":120,"column":12},"end":{"line":122,"column":16}},{"start":{"line":123,"column":12},"end":{"line":125,"column":16}}]},"8":{"loc":{"start":{"line":132,"column":8},"end":{"line":135,"column":9}},"type":"if","locations":[{"start":{"line":132,"column":8},"end":{"line":135,"column":9}},{"start":{"line":132,"column":8},"end":{"line":135,"column":9}}]}},"s":{"0":0,"1":0,"2":0,"3":0,"4":0,"5":0,"6":0,"7":0,"8":0,"9":0,"10":0,"11":0,"12":0,"13":0,"14":0,"15":0,"16":0,"17":0,"18":0,"19":0,"20":0,"21":0,"22":0,"23":0,"24":0,"25":0,"26":0,"27":0,"28":0,"29":0,"30":0,"31":0,"32":0,"33":0,"34":0,"35":0,"36":0,"37":0,"38":0,"39":0,"40":0,"41":0,"42":0,"43":0,"44":0,"45":0,"46":0,"47":0,"48":0,"49":0,"50":0,"51":0,"52":0,"53":0,"54":0,"55":0,"56":0,"57":0,"58":0,"59":0,"60":0,"61":0,"62":0,"63":0,"64":0,"65":0,"66":0,"67":0,"68":0,"69":0,"70":0,"71":0,"72":0,"73":0,"74":0,"75":0,"76":0,"77":0,"78":0,"79":0},"f":{"0":0,"1":0,"2":0,"3":0,"4":0,"5":0,"6":0,"7":0,"8":0,"9":0},"b":{"0":[0,0,0,0],"1":[0,0],"2":[0,0],"3":[0,0],"4":[0,0,0,0],"5":[0,0],"6":[0,0],"7":[0,0,0,0],"8":[0,0]}}
,"C:\\Users\\Gizmolo\\Desktop\\projects\\Robot-Meal-Planning\\src\\GridBlock.ts": {"path":"C:\\Users\\Gizmolo\\Desktop\\projects\\Robot-Meal-Planning\\src\\GridBlock.ts","statementMap":{"0":{"start":{"line":2,"column":0},"end":{"line":2,"column":49}},"1":{"start":{"line":4,"column":0},"end":{"line":41,"column":0}},"2":{"start":{"line":17,"column":8},"end":{"line":17,"column":30}},"3":{"start":{"line":18,"column":8},"end":{"line":18,"column":19}},"4":{"start":{"line":19,"column":8},"end":{"line":19,"column":19}},"5":{"start":{"line":20,"column":8},"end":{"line":20,"column":19}},"6":{"start":{"line":21,"column":8},"end":{"line":21,"column":19}},"7":{"start":{"line":22,"column":8},"end":{"line":22,"column":27}},"8":{"start":{"line":23,"column":8},"end":{"line":23,"column":21}},"9":{"start":{"line":24,"column":8},"end":{"line":24,"column":24}},"10":{"start":{"line":25,"column":8},"end":{"line":25,"column":40}},"11":{"start":{"line":26,"column":8},"end":{"line":32,"column":9}},"12":{"start":{"line":35,"column":11},"end":{"line":38,"column":5}},"13":{"start":{"line":36,"column":8},"end":{"line":36,"column":35}},"14":{"start":{"line":37,"column":8},"end":{"line":37,"column":53}},"15":{"start":{"line":40,"column":11},"end":{"line":40,"column":29}},"16":{"start":{"line":41,"column":0},"end":{"line":41,"column":1}},"17":{"start":{"line":4,"column":13},"end":{"line":4,"column":22}}},"fnMap":{"0":{"name":"(anonymous_0)","decl":{"start":{"line":4,"column":0},"end":{"line":null,"column":-1}},"loc":{"start":{"line":4,"column":0},"end":{"line":4,"column":-1}}},"1":{"name":"GridBlock","decl":{"start":{"line":16,"column":4},"end":{"line":16,"column":15}},"loc":{"start":{"line":16,"column":128},"end":{"line":33,"column":5}}},"2":{"name":"(anonymous_2)","decl":{"start":{"line":35,"column":4},"end":{"line":35,"column":15}},"loc":{"start":{"line":35,"column":45},"end":{"line":38,"column":5}}},"3":{"name":"(anonymous_3)","decl":{"start":{"line":40,"column":4},"end":{"line":40,"column":27}},"loc":{"start":{"line":40,"column":4},"end":{"line":40,"column":29}}}},"branchMap":{},"s":{"0":2,"1":2,"2":4,"3":4,"4":4,"5":4,"6":4,"7":4,"8":4,"9":4,"10":4,"11":4,"12":2,"13":1,"14":1,"15":2,"16":2,"17":2},"f":{"0":2,"1":4,"2":1,"3":1},"b":{}}
,"C:\\Users\\Gizmolo\\Desktop\\projects\\Robot-Meal-Planning\\src\\SetUpEventListeners.ts": {"path":"C:\\Users\\Gizmolo\\Desktop\\projects\\Robot-Meal-Planning\\src\\SetUpEventListeners.ts","statementMap":{"0":{"start":{"line":2,"column":0},"end":{"line":2,"column":-1}},"1":{"start":{"line":3,"column":0},"end":{"line":3,"column":-1}},"2":{"start":{"line":4,"column":0},"end":{"line":4,"column":-1}},"3":{"start":{"line":5,"column":0},"end":{"line":5,"column":-1}},"4":{"start":{"line":6,"column":0},"end":{"line":6,"column":-1}},"5":{"start":{"line":7,"column":0},"end":{"line":7,"column":-1}},"6":{"start":{"line":8,"column":0},"end":{"line":8,"column":-1}},"7":{"start":{"line":9,"column":0},"end":{"line":9,"column":-1}},"8":{"start":{"line":12,"column":4},"end":{"line":null,"column":-1}},"9":{"start":{"line":14,"column":8},"end":{"line":null,"column":-1}},"10":{"start":{"line":15,"column":12},"end":{"line":32,"column":13}},"11":{"start":{"line":17,"column":16},"end":{"line":31,"column":17}},"12":{"start":{"line":21,"column":20},"end":{"line":null,"column":-1}},"13":{"start":{"line":23,"column":21},"end":{"line":31,"column":17}},"14":{"start":{"line":25,"column":20},"end":{"line":30,"column":21}},"15":{"start":{"line":26,"column":24},"end":{"line":null,"column":-1}},"16":{"start":{"line":28,"column":25},"end":{"line":30,"column":21}},"17":{"start":{"line":29,"column":24},"end":{"line":null,"column":-1}},"18":{"start":{"line":36,"column":8},"end":{"line":null,"column":-1}},"19":{"start":{"line":37,"column":12},"end":{"line":61,"column":13}},"20":{"start":{"line":38,"column":16},"end":{"line":41,"column":17}},"21":{"start":{"line":40,"column":20},"end":{"line":null,"column":-1}},"22":{"start":{"line":43,"column":17},"end":{"line":61,"column":13}},"23":{"start":{"line":44,"column":16},"end":{"line":47,"column":17}},"24":{"start":{"line":46,"column":20},"end":{"line":null,"column":-1}},"25":{"start":{"line":50,"column":17},"end":{"line":61,"column":13}},"26":{"start":{"line":51,"column":16},"end":{"line":55,"column":17}},"27":{"start":{"line":53,"column":20},"end":{"line":null,"column":-1}},"28":{"start":{"line":54,"column":20},"end":{"line":null,"column":-1}},"29":{"start":{"line":56,"column":16},"end":{"line":60,"column":17}},"30":{"start":{"line":58,"column":20},"end":{"line":null,"column":-1}},"31":{"start":{"line":59,"column":20},"end":{"line":null,"column":-1}},"32":{"start":{"line":66,"column":4},"end":{"line":null,"column":-1}},"33":{"start":{"line":67,"column":8},"end":{"line":null,"column":-1}},"34":{"start":{"line":68,"column":12},"end":{"line":74,"column":13}},"35":{"start":{"line":70,"column":16},"end":{"line":73,"column":17}},"36":{"start":{"line":71,"column":20},"end":{"line":null,"column":-1}},"37":{"start":{"line":72,"column":20},"end":{"line":null,"column":-1}},"38":{"start":{"line":77,"column":8},"end":{"line":null,"column":-1}},"39":{"start":{"line":78,"column":12},"end":{"line":null,"column":-1}},"40":{"start":{"line":79,"column":12},"end":{"line":81,"column":13}},"41":{"start":{"line":80,"column":16},"end":{"line":null,"column":-1}},"42":{"start":{"line":85,"column":4},"end":{"line":null,"column":-1}},"43":{"start":{"line":86,"column":8},"end":{"line":null,"column":-1}},"44":{"start":{"line":87,"column":8},"end":{"line":null,"column":-1}},"45":{"start":{"line":90,"column":4},"end":{"line":null,"column":-1}},"46":{"start":{"line":92,"column":8},"end":{"line":103,"column":9}},"47":{"start":{"line":93,"column":12},"end":{"line":102,"column":13}},"48":{"start":{"line":94,"column":16},"end":{"line":null,"column":-1}},"49":{"start":{"line":95,"column":16},"end":{"line":null,"column":-1}},"50":{"start":{"line":96,"column":16},"end":{"line":null,"column":-1}},"51":{"start":{"line":98,"column":17},"end":{"line":102,"column":13}},"52":{"start":{"line":99,"column":16},"end":{"line":null,"column":-1}},"53":{"start":{"line":100,"column":16},"end":{"line":null,"column":-1}},"54":{"start":{"line":101,"column":16},"end":{"line":null,"column":-1}},"55":{"start":{"line":106,"column":8},"end":{"line":118,"column":9}},"56":{"start":{"line":107,"column":12},"end":{"line":117,"column":13}},"57":{"start":{"line":109,"column":16},"end":{"line":null,"column":-1}},"58":{"start":{"line":110,"column":16},"end":{"line":null,"column":-1}},"59":{"start":{"line":115,"column":16},"end":{"line":null,"column":-1}},"60":{"start":{"line":116,"column":16},"end":{"line":null,"column":-1}},"61":{"start":{"line":11,"column":0},"end":{"line":null,"column":-1}}},"fnMap":{"0":{"name":"SetUpEventListeners","decl":{"start":{"line":11,"column":16},"end":{"line":11,"column":0}},"loc":{"start":{"line":11,"column":56},"end":{"line":120,"column":1}}},"1":{"name":"(anonymous_1)","decl":{"start":{"line":12,"column":51},"end":{"line":12,"column":50}},"loc":{"start":{"line":12,"column":51},"end":{"line":12,"column":4}}},"2":{"name":"(anonymous_2)","decl":{"start":{"line":14,"column":33},"end":{"line":14,"column":32}},"loc":{"start":{"line":14,"column":38},"end":{"line":14,"column":8}}},"3":{"name":"(anonymous_3)","decl":{"start":{"line":36,"column":41},"end":{"line":36,"column":40}},"loc":{"start":{"line":36,"column":42},"end":{"line":36,"column":8}}},"4":{"name":"(anonymous_4)","decl":{"start":{"line":66,"column":49},"end":{"line":66,"column":48}},"loc":{"start":{"line":66,"column":49},"end":{"line":66,"column":4}}},"5":{"name":"(anonymous_5)","decl":{"start":{"line":67,"column":33},"end":{"line":67,"column":32}},"loc":{"start":{"line":67,"column":38},"end":{"line":67,"column":8}}},"6":{"name":"(anonymous_6)","decl":{"start":{"line":77,"column":41},"end":{"line":77,"column":40}},"loc":{"start":{"line":77,"column":54},"end":{"line":77,"column":8}}},"7":{"name":"(anonymous_7)","decl":{"start":{"line":85,"column":51},"end":{"line":85,"column":59}},"loc":{"start":{"line":85,"column":75},"end":{"line":85,"column":4}}},"8":{"name":"(anonymous_8)","decl":{"start":{"line":90,"column":21},"end":{"line":90,"column":29}},"loc":{"start":{"line":90,"column":31},"end":{"line":90,"column":4}}}},"branchMap":{"0":{"loc":{"start":{"line":15,"column":12},"end":{"line":32,"column":13}},"type":"if","locations":[{"start":{"line":15,"column":12},"end":{"line":32,"column":13}},{"start":{"line":15,"column":12},"end":{"line":32,"column":13}}]},"1":{"loc":{"start":{"line":15,"column":16},"end":{"line":15,"column":15}},"type":"binary-expr","locations":[{"start":{"line":15,"column":16},"end":{"line":15,"column":15}},{"start":{"line":15,"column":46},"end":{"line":15,"column":16}},{"start":{"line":16,"column":19},"end":{"line":15,"column":16}},{"start":{"line":16,"column":49},"end":{"line":15,"column":12}}]},"2":{"loc":{"start":{"line":17,"column":16},"end":{"line":31,"column":17}},"type":"if","locations":[{"start":{"line":17,"column":16},"end":{"line":31,"column":17}},{"start":{"line":17,"column":16},"end":{"line":31,"column":17}}]},"3":{"loc":{"start":{"line":17,"column":20},"end":{"line":17,"column":19}},"type":"binary-expr","locations":[{"start":{"line":17,"column":20},"end":{"line":17,"column":19}},{"start":{"line":17,"column":53},"end":{"line":17,"column":20}},{"start":{"line":18,"column":23},"end":{"line":18,"column":22}},{"start":{"line":18,"column":62},"end":{"line":17,"column":20}},{"start":{"line":19,"column":23},"end":{"line":19,"column":22}},{"start":{"line":19,"column":53},"end":{"line":17,"column":20}},{"start":{"line":20,"column":23},"end":{"line":20,"column":22}},{"start":{"line":20,"column":59},"end":{"line":17,"column":16}}]},"4":{"loc":{"start":{"line":23,"column":21},"end":{"line":31,"column":17}},"type":"if","locations":[{"start":{"line":23,"column":21},"end":{"line":31,"column":17}},{"start":{"line":23,"column":21},"end":{"line":31,"column":17}}]},"5":{"loc":{"start":{"line":25,"column":20},"end":{"line":30,"column":21}},"type":"if","locations":[{"start":{"line":25,"column":20},"end":{"line":30,"column":21}},{"start":{"line":25,"column":20},"end":{"line":30,"column":21}}]},"6":{"loc":{"start":{"line":28,"column":25},"end":{"line":30,"column":21}},"type":"if","locations":[{"start":{"line":28,"column":25},"end":{"line":30,"column":21}},{"start":{"line":28,"column":25},"end":{"line":30,"column":21}}]},"7":{"loc":{"start":{"line":37,"column":12},"end":{"line":61,"column":13}},"type":"if","locations":[{"start":{"line":37,"column":12},"end":{"line":61,"column":13}},{"start":{"line":37,"column":12},"end":{"line":61,"column":13}}]},"8":{"loc":{"start":{"line":38,"column":16},"end":{"line":41,"column":17}},"type":"if","locations":[{"start":{"line":38,"column":16},"end":{"line":41,"column":17}},{"start":{"line":38,"column":16},"end":{"line":41,"column":17}}]},"9":{"loc":{"start":{"line":38,"column":20},"end":{"line":38,"column":19}},"type":"binary-expr","locations":[{"start":{"line":38,"column":20},"end":{"line":38,"column":19}},{"start":{"line":38,"column":52},"end":{"line":38,"column":20}},{"start":{"line":39,"column":23},"end":{"line":38,"column":20}},{"start":{"line":39,"column":55},"end":{"line":38,"column":16}}]},"10":{"loc":{"start":{"line":43,"column":17},"end":{"line":61,"column":13}},"type":"if","locations":[{"start":{"line":43,"column":17},"end":{"line":61,"column":13}},{"start":{"line":43,"column":17},"end":{"line":61,"column":13}}]},"11":{"loc":{"start":{"line":44,"column":16},"end":{"line":47,"column":17}},"type":"if","locations":[{"start":{"line":44,"column":16},"end":{"line":47,"column":17}},{"start":{"line":44,"column":16},"end":{"line":47,"column":17}}]},"12":{"loc":{"start":{"line":44,"column":20},"end":{"line":44,"column":19}},"type":"binary-expr","locations":[{"start":{"line":44,"column":20},"end":{"line":44,"column":19}},{"start":{"line":44,"column":46},"end":{"line":44,"column":20}},{"start":{"line":45,"column":23},"end":{"line":44,"column":20}},{"start":{"line":45,"column":49},"end":{"line":44,"column":16}}]},"13":{"loc":{"start":{"line":50,"column":17},"end":{"line":61,"column":13}},"type":"if","locations":[{"start":{"line":50,"column":17},"end":{"line":61,"column":13}},{"start":{"line":50,"column":17},"end":{"line":61,"column":13}}]},"14":{"loc":{"start":{"line":51,"column":16},"end":{"line":55,"column":17}},"type":"if","locations":[{"start":{"line":51,"column":16},"end":{"line":55,"column":17}},{"start":{"line":51,"column":16},"end":{"line":55,"column":17}}]},"15":{"loc":{"start":{"line":51,"column":20},"end":{"line":51,"column":19}},"type":"binary-expr","locations":[{"start":{"line":51,"column":20},"end":{"line":51,"column":19}},{"start":{"line":51,"column":50},"end":{"line":51,"column":20}},{"start":{"line":52,"column":23},"end":{"line":51,"column":20}},{"start":{"line":52,"column":53},"end":{"line":51,"column":16}}]},"16":{"loc":{"start":{"line":56,"column":16},"end":{"line":60,"column":17}},"type":"if","locations":[{"start":{"line":56,"column":16},"end":{"line":60,"column":17}},{"start":{"line":56,"column":16},"end":{"line":60,"column":17}}]},"17":{"loc":{"start":{"line":56,"column":20},"end":{"line":56,"column":19}},"type":"binary-expr","locations":[{"start":{"line":56,"column":20},"end":{"line":56,"column":19}},{"start":{"line":56,"column":51},"end":{"line":56,"column":20}},{"start":{"line":57,"column":23},"end":{"line":56,"column":20}},{"start":{"line":57,"column":54},"end":{"line":56,"column":16}}]},"18":{"loc":{"start":{"line":68,"column":12},"end":{"line":74,"column":13}},"type":"if","locations":[{"start":{"line":68,"column":12},"end":{"line":74,"column":13}},{"start":{"line":68,"column":12},"end":{"line":74,"column":13}}]},"19":{"loc":{"start":{"line":68,"column":16},"end":{"line":68,"column":15}},"type":"binary-expr","locations":[{"start":{"line":68,"column":16},"end":{"line":68,"column":15}},{"start":{"line":69,"column":19},"end":{"line":68,"column":12}}]},"20":{"loc":{"start":{"line":70,"column":16},"end":{"line":73,"column":17}},"type":"if","locations":[{"start":{"line":70,"column":16},"end":{"line":73,"column":17}},{"start":{"line":70,"column":16},"end":{"line":73,"column":17}}]},"21":{"loc":{"start":{"line":79,"column":12},"end":{"line":81,"column":13}},"type":"if","locations":[{"start":{"line":79,"column":12},"end":{"line":81,"column":13}},{"start":{"line":79,"column":12},"end":{"line":81,"column":13}}]},"22":{"loc":{"start":{"line":92,"column":8},"end":{"line":103,"column":9}},"type":"if","locations":[{"start":{"line":92,"column":8},"end":{"line":103,"column":9}},{"start":{"line":92,"column":8},"end":{"line":103,"column":9}}]},"23":{"loc":{"start":{"line":93,"column":12},"end":{"line":102,"column":13}},"type":"if","locations":[{"start":{"line":93,"column":12},"end":{"line":102,"column":13}},{"start":{"line":93,"column":12},"end":{"line":102,"column":13}}]},"24":{"loc":{"start":{"line":98,"column":17},"end":{"line":102,"column":13}},"type":"if","locations":[{"start":{"line":98,"column":17},"end":{"line":102,"column":13}},{"start":{"line":98,"column":17},"end":{"line":102,"column":13}}]},"25":{"loc":{"start":{"line":106,"column":8},"end":{"line":118,"column":9}},"type":"if","locations":[{"start":{"line":106,"column":8},"end":{"line":118,"column":9}},{"start":{"line":106,"column":8},"end":{"line":118,"column":9}}]},"26":{"loc":{"start":{"line":107,"column":12},"end":{"line":117,"column":13}},"type":"if","locations":[{"start":{"line":107,"column":12},"end":{"line":117,"column":13}},{"start":{"line":107,"column":12},"end":{"line":117,"column":13}}]}},"s":{"0":0,"1":0,"2":0,"3":0,"4":0,"5":0,"6":0,"7":0,"8":0,"9":0,"10":0,"11":0,"12":0,"13":0,"14":0,"15":0,"16":0,"17":0,"18":0,"19":0,"20":0,"21":0,"22":0,"23":0,"24":0,"25":0,"26":0,"27":0,"28":0,"29":0,"30":0,"31":0,"32":0,"33":0,"34":0,"35":0,"36":0,"37":0,"38":0,"39":0,"40":0,"41":0,"42":0,"43":0,"44":0,"45":0,"46":0,"47":0,"48":0,"49":0,"50":0,"51":0,"52":0,"53":0,"54":0,"55":0,"56":0,"57":0,"58":0,"59":0,"60":0,"61":0},"f":{"0":0,"1":0,"2":0,"3":0,"4":0,"5":0,"6":0,"7":0,"8":0},"b":{"0":[0,0],"1":[0,0,0,0],"2":[0,0],"3":[0,0,0,0,0,0,0,0],"4":[0,0],"5":[0,0],"6":[0,0],"7":[0,0],"8":[0,0],"9":[0,0,0,0],"10":[0,0],"11":[0,0],"12":[0,0,0,0],"13":[0,0],"14":[0,0],"15":[0,0,0,0],"16":[0,0],"17":[0,0,0,0],"18":[0,0],"19":[0,0],"20":[0,0],"21":[0,0],"22":[0,0],"23":[0,0],"24":[0,0],"25":[0,0],"26":[0,0]}}
,"C:\\Users\\Gizmolo\\Desktop\\projects\\Robot-Meal-Planning\\src\\main.ts": {"path":"C:\\Users\\Gizmolo\\Desktop\\projects\\Robot-Meal-Planning\\src\\main.ts","statementMap":{"0":{"start":{"line":2,"column":0},"end":{"line":2,"column":-1}},"1":{"start":{"line":3,"column":0},"end":{"line":3,"column":-1}},"2":{"start":{"line":4,"column":0},"end":{"line":4,"column":-1}},"3":{"start":{"line":5,"column":0},"end":{"line":5,"column":-1}},"4":{"start":{"line":6,"column":0},"end":{"line":6,"column":-1}},"5":{"start":{"line":7,"column":0},"end":{"line":7,"column":-1}},"6":{"start":{"line":28,"column":4},"end":{"line":null,"column":-1}},"7":{"start":{"line":29,"column":4},"end":{"line":null,"column":-1}},"8":{"start":{"line":32,"column":4},"end":{"line":null,"column":-1}},"9":{"start":{"line":33,"column":8},"end":{"line":null,"column":-1}},"10":{"start":{"line":37,"column":4},"end":{"line":null,"column":-1}},"11":{"start":{"line":38,"column":8},"end":{"line":40,"column":9}},"12":{"start":{"line":39,"column":12},"end":{"line":null,"column":-1}},"13":{"start":{"line":44,"column":4},"end":{"line":null,"column":-1}},"14":{"start":{"line":45,"column":8},"end":{"line":47,"column":9}},"15":{"start":{"line":46,"column":12},"end":{"line":null,"column":-1}},"16":{"start":{"line":51,"column":4},"end":{"line":null,"column":-1}},"17":{"start":{"line":52,"column":8},"end":{"line":null,"column":-1}},"18":{"start":{"line":55,"column":4},"end":{"line":null,"column":-1}},"19":{"start":{"line":59,"column":4},"end":{"line":null,"column":-1}},"20":{"start":{"line":60,"column":8},"end":{"line":null,"column":-1}},"21":{"start":{"line":63,"column":4},"end":{"line":null,"column":-1}},"22":{"start":{"line":64,"column":8},"end":{"line":null,"column":-1}},"23":{"start":{"line":73,"column":0},"end":{"line":null,"column":-1}},"24":{"start":{"line":75,"column":20},"end":{"line":75,"column":4}},"25":{"start":{"line":77,"column":4},"end":{"line":null,"column":-1}},"26":{"start":{"line":78,"column":4},"end":{"line":null,"column":-1}},"27":{"start":{"line":81,"column":16},"end":{"line":81,"column":4}},"28":{"start":{"line":82,"column":4},"end":{"line":null,"column":-1}},"29":{"start":{"line":85,"column":4},"end":{"line":null,"column":-1}},"30":{"start":{"line":86,"column":8},"end":{"line":null,"column":-1}},"31":{"start":{"line":87,"column":8},"end":{"line":null,"column":-1}},"32":{"start":{"line":89,"column":26},"end":{"line":89,"column":8}},"33":{"start":{"line":90,"column":8},"end":{"line":null,"column":-1}},"34":{"start":{"line":92,"column":8},"end":{"line":107,"column":9}},"35":{"start":{"line":93,"column":12},"end":{"line":null,"column":-1}},"36":{"start":{"line":95,"column":16},"end":{"line":102,"column":17}},"37":{"start":{"line":96,"column":20},"end":{"line":null,"column":-1}},"38":{"start":{"line":97,"column":20},"end":{"line":null,"column":-1}},"39":{"start":{"line":101,"column":20},"end":{"line":null,"column":-1}},"40":{"start":{"line":106,"column":12},"end":{"line":null,"column":-1}}},"fnMap":{"0":{"name":"draw","decl":{"start":{"line":27,"column":9},"end":{"line":27,"column":0}},"loc":{"start":{"line":27,"column":144},"end":{"line":56,"column":1}}},"1":{"name":"(anonymous_1)","decl":{"start":{"line":32,"column":16},"end":{"line":32,"column":15}},"loc":{"start":{"line":32,"column":29},"end":{"line":32,"column":4}}},"2":{"name":"(anonymous_2)","decl":{"start":{"line":37,"column":19},"end":{"line":37,"column":18}},"loc":{"start":{"line":37,"column":24},"end":{"line":37,"column":4}}},"3":{"name":"(anonymous_3)","decl":{"start":{"line":44,"column":19},"end":{"line":44,"column":18}},"loc":{"start":{"line":44,"column":24},"end":{"line":44,"column":4}}},"4":{"name":"(anonymous_4)","decl":{"start":{"line":51,"column":21},"end":{"line":51,"column":20}},"loc":{"start":{"line":51,"column":27},"end":{"line":51,"column":4}}},"5":{"name":"update","decl":{"start":{"line":58,"column":9},"end":{"line":58,"column":0}},"loc":{"start":{"line":58,"column":95},"end":{"line":70,"column":1}}},"6":{"name":"(anonymous_6)","decl":{"start":{"line":59,"column":19},"end":{"line":59,"column":18}},"loc":{"start":{"line":59,"column":24},"end":{"line":59,"column":4}}},"7":{"name":"(anonymous_7)","decl":{"start":{"line":63,"column":16},"end":{"line":63,"column":15}},"loc":{"start":{"line":63,"column":29},"end":{"line":63,"column":4}}},"8":{"name":"(anonymous_8)","decl":{"start":{"line":73,"column":1},"end":{"line":73,"column":9}},"loc":{"start":{"line":73,"column":35},"end":{"line":73,"column":0}}},"9":{"name":"(anonymous_9)","decl":{"start":{"line":85,"column":16},"end":{"line":85,"column":15}},"loc":{"start":{"line":85,"column":16},"end":{"line":85,"column":4}}},"10":{"name":"(anonymous_10)","decl":{"start":{"line":93,"column":30},"end":{"line":93,"column":29}},"loc":{"start":{"line":93,"column":35},"end":{"line":93,"column":12}}}},"branchMap":{"0":{"loc":{"start":{"line":38,"column":8},"end":{"line":40,"column":9}},"type":"if","locations":[{"start":{"line":38,"column":8},"end":{"line":40,"column":9}},{"start":{"line":38,"column":8},"end":{"line":40,"column":9}}]},"1":{"loc":{"start":{"line":45,"column":8},"end":{"line":47,"column":9}},"type":"if","locations":[{"start":{"line":45,"column":8},"end":{"line":47,"column":9}},{"start":{"line":45,"column":8},"end":{"line":47,"column":9}}]},"2":{"loc":{"start":{"line":92,"column":8},"end":{"line":107,"column":9}},"type":"if","locations":[{"start":{"line":92,"column":8},"end":{"line":107,"column":9}},{"start":{"line":92,"column":8},"end":{"line":107,"column":9}}]},"3":{"loc":{"start":{"line":92,"column":12},"end":{"line":92,"column":11}},"type":"binary-expr","locations":[{"start":{"line":92,"column":12},"end":{"line":92,"column":11}},{"start":{"line":92,"column":36},"end":{"line":92,"column":8}}]},"4":{"loc":{"start":{"line":95,"column":16},"end":{"line":102,"column":17}},"type":"if","locations":[{"start":{"line":95,"column":16},"end":{"line":102,"column":17}},{"start":{"line":95,"column":16},"end":{"line":102,"column":17}}]}},"s":{"0":0,"1":0,"2":0,"3":0,"4":0,"5":0,"6":0,"7":0,"8":0,"9":0,"10":0,"11":0,"12":0,"13":0,"14":0,"15":0,"16":0,"17":0,"18":0,"19":0,"20":0,"21":0,"22":0,"23":0,"24":0,"25":0,"26":0,"27":0,"28":0,"29":0,"30":0,"31":0,"32":0,"33":0,"34":0,"35":0,"36":0,"37":0,"38":0,"39":0,"40":0},"f":{"0":0,"1":0,"2":0,"3":0,"4":0,"5":0,"6":0,"7":0,"8":0,"9":0,"10":0},"b":{"0":[0,0],"1":[0,0],"2":[0,0],"3":[0,0],"4":[0,0]}}
}
