TN:
SF:C:\Users\Gizmolo\Desktop\projects\Robot-Meal-Planning\src\Enums.ts
FN:1,(anonymous_0)
FN:12,(anonymous_1)
FNF:2
FNH:2
FNDA:1,(anonymous_0)
FNDA:1,(anonymous_1)
DA:1,1
DA:2,1
DA:3,1
DA:4,1
DA:5,1
DA:6,1
DA:7,1
DA:8,1
DA:9,1
DA:12,1
DA:13,1
DA:14,1
DA:15,1
DA:16,1
DA:17,1
DA:18,1
DA:19,1
DA:20,1
DA:21,1
DA:22,1
DA:23,1
LF:21
LH:21
BRDA:1,0,0,1
BRDA:1,0,1,1
BRDA:12,1,0,1
BRDA:12,1,1,1
BRF:4
BRH:4
end_of_record
TN:
SF:C:\Users\Gizmolo\Desktop\projects\Robot-Meal-Planning\src\GameState.ts
FN:6,(anonymous_0)
FN:19,GameState
FNF:2
FNH:2
FNDA:1,(anonymous_0)
FNDA:1,GameState
DA:6,1
DA:10,1
DA:11,1
DA:12,1
DA:13,1
DA:14,1
DA:15,1
DA:16,1
DA:17,1
DA:18,1
DA:20,1
DA:21,1
DA:22,1
DA:24,1
LF:14
LH:14
BRF:0
BRH:0
end_of_record
TN:
SF:C:\Users\Gizmolo\Desktop\projects\Robot-Meal-Planning\src\GridBlock.ts
FN:5,(anonymous_0)
FN:17,GridBlock
FN:36,(anonymous_2)
FN:41,(anonymous_3)
FNF:4
FNH:4
FNDA:1,(anonymous_0)
FNDA:4,GridBlock
FNDA:1,(anonymous_2)
FNDA:1,(anonymous_3)
DA:3,1
DA:5,1
DA:18,4
DA:19,4
DA:20,4
DA:21,4
DA:22,4
DA:23,4
DA:24,4
DA:25,4
DA:26,4
DA:27,4
DA:36,1
DA:37,1
DA:38,1
DA:41,1
DA:42,1
LF:17
LH:17
BRF:0
BRH:0
end_of_record
